app/build/outputs/logs/manifest-merger-debug-report.txt
-- Merging decision tree log ---
manifest
ADDED from src\main\AndroidManifest.xml:2:1-34:12
INJECTED from src\main\AndroidManifest.xml:2:1-34:12
INJECTED from src\main\AndroidManifest.xml:2:1-34:12
INJECTED from src\main\AndroidManifest.xml:2:1-34:12
INJECTED from src\main\AndroidManifest.xml:2:1-34:12
INJECTED from src\main\AndroidManifest.xml:2:1-34:12
INJECTED from src\main\AndroidManifest.xml:2:1-34:12
	package
		ADDED from src\main\AndroidManifest.xml:3:5-51
		INJECTED from src\main\AndroidManifest.xml
		INJECTED from src\main\AndroidManifest.xml
	android:versionName
		ADDED from src\main\AndroidManifest.xml:5:5-30
		INJECTED from src\main\AndroidManifest.xml
		INJECTED from src\main\AndroidManifest.xml
	xmlns:android
		ADDED from src\main\AndroidManifest.xml:2:11-69
	android:versionCode
		ADDED from src\main\AndroidManifest.xml:4:5-28
		INJECTED from src\main\AndroidManifest.xml
		INJECTED from src\main\AndroidManifest.xml
uses-permission#android.permission.VIBRATE
ADDED from src\main\AndroidManifest.xml:7:5-8:23
	android:name
		ADDED from src\main\AndroidManifest.xml:7:22-63
application
ADDED from src\main\AndroidManifest.xml:10:5-32:19
	android:label
		ADDED from src\main\AndroidManifest.xml:13:9-41
	android:exported
		ADDED from src\main\AndroidManifest.xml:15:9-32
	android:icon
		ADDED from src\main\AndroidManifest.xml:12:9-43
	android:allowBackup
		ADDED from src\main\AndroidManifest.xml:11:9-36
	android:theme
		ADDED from src\main\AndroidManifest.xml:14:9-67
activity#ca.yorku.eecs.mack.demotiltball87509.DemoTiltBallSetup
ADDED from src\main\AndroidManifest.xml:16:9-25:20
	android:label
		ADDED from src\main\AndroidManifest.xml:18:13-45
	android:exported
		ADDED from src\main\AndroidManifest.xml:19:13-36
	android:name
		ADDED from src\main\AndroidManifest.xml:17:13-82
intent-filter#action:name:android.intent.action.MAIN+action:name:android.intent.action.VIEW+category:name:android.intent.category.LAUNCHER
ADDED from src\main\AndroidManifest.xml:20:13-24:29
action#android.intent.action.MAIN
ADDED from src\main\AndroidManifest.xml:21:17-69
	android:name
		ADDED from src\main\AndroidManifest.xml:21:25-66
action#android.intent.action.VIEW
ADDED from src\main\AndroidManifest.xml:22:17-69
	android:name
		ADDED from src\main\AndroidManifest.xml:22:25-66
category#android.intent.category.LAUNCHER
ADDED from src\main\AndroidManifest.xml:23:17-77
	android:name
		ADDED from src\main\AndroidManifest.xml:23:27-74
activity#ca.yorku.eecs.mack.demotiltball87509.DemoTiltBall87509Activity
ADDED from src\main\AndroidManifest.xml:26:9-30:20
	android:label
		ADDED from src\main\AndroidManifest.xml:28:13-45
	android:theme
		ADDED from src\main\AndroidManifest.xml:29:13-71
	android:name
		ADDED from src\main\AndroidManifest.xml:27:13-90
activity#ca.yorku.eecs.mack.demotiltball87509.Results
ADDED from src\main\AndroidManifest.xml:31:9-45
	android:name
		ADDED from src\main\AndroidManifest.xml:31:19-42
uses-sdk
INJECTED from src\main\AndroidManifest.xml reason: use-sdk injection requested
INJECTED from src\main\AndroidManifest.xml
INJECTED from src\main\AndroidManifest.xml
INJECTED from src\main\AndroidManifest.xml
INJECTED from src\main\AndroidManifest.xml
	android:targetSdkVersion
		INJECTED from src\main\AndroidManifest.xml
		ADDED from src\main\AndroidManifest.xml
		INJECTED from src\main\AndroidManifest.xml
	android:minSdkVersion
		INJECTED from src\main\AndroidManifest.xml
		ADDED from src\main\AndroidManifest.xml
		INJECTED from src\main\AndroidManifest.xml